android/app/build/intermediates/manifest_merge_blame_file/release/manifest-merger-blame-release-report.txt
1<?xml version="1.0" encoding="utf-8"?>
2<manifest xmlns:android="http://schemas.android.com/apk/res/android"
3    package="com.enablingpeople.sonihealthcare"
4    android:versionCode="2"
5    android:versionName="1.1.0" >
6
7    <uses-sdk
8        android:minSdkVersion="21"
8-->src/main/AndroidManifest.xml
9        android:targetSdkVersion="28" />
9-->src/main/AndroidManifest.xml
10
11    <uses-permission android:name="android.permission.INTERNET" />
11-->src/main/AndroidManifest.xml:2:3-64
11-->src/main/AndroidManifest.xml:2:20-62
12    <uses-permission android:name="android.permission.SYSTEM_ALERT_WINDOW" />
12-->src/main/AndroidManifest.xml:3:3-75
12-->src/main/AndroidManifest.xml:3:20-73
13    <uses-permission android:name="android.permission.MANAGE_DOCUMENTS" />
13-->src/main/AndroidManifest.xml:4:3-72
13-->src/main/AndroidManifest.xml:4:20-70
14    <uses-permission android:name="android.permission.READ_INTERNAL_STORAGE" />
14-->src/main/AndroidManifest.xml:5:3-77
14-->src/main/AndroidManifest.xml:5:20-75
15    <uses-permission android:name="android.permission.READ_PHONE_STATE" />
15-->src/main/AndroidManifest.xml:6:3-72
15-->src/main/AndroidManifest.xml:6:20-70
16    <uses-permission android:name="android.permission.USE_FINGERPRINT" />
16-->src/main/AndroidManifest.xml:7:3-71
16-->src/main/AndroidManifest.xml:7:20-69
17    <uses-permission android:name="android.permission.VIBRATE" />
17-->src/main/AndroidManifest.xml:8:3-63
17-->src/main/AndroidManifest.xml:8:20-61
18    <uses-permission android:name="android.permission.MODIFY_AUDIO_SETTINGS" />
18-->src/main/AndroidManifest.xml:9:3-77
18-->src/main/AndroidManifest.xml:9:20-75
19    <uses-permission android:name="android.permission.ACCESS_COARSE_LOCATION" />
19-->src/main/AndroidManifest.xml:10:3-78
19-->src/main/AndroidManifest.xml:10:20-76
20    <uses-permission android:name="android.permission.ACCESS_FINE_LOCATION" />
20-->src/main/AndroidManifest.xml:11:3-76
20-->src/main/AndroidManifest.xml:11:20-74
21    <uses-permission android:name="android.permission.CAMERA" />
21-->src/main/AndroidManifest.xml:12:3-62
21-->src/main/AndroidManifest.xml:12:20-60
22    <uses-permission android:name="android.permission.READ_CONTACTS" />
22-->src/main/AndroidManifest.xml:13:3-69
22-->src/main/AndroidManifest.xml:13:20-67
23    <uses-permission android:name="android.permission.READ_CALENDAR" />
23-->src/main/AndroidManifest.xml:14:3-69
23-->src/main/AndroidManifest.xml:14:20-67
24    <uses-permission android:name="android.permission.WRITE_CALENDAR" />
24-->src/main/AndroidManifest.xml:15:3-70
24-->src/main/AndroidManifest.xml:15:20-68
25    <uses-permission android:name="android.permission.READ_EXTERNAL_STORAGE" />
25-->src/main/AndroidManifest.xml:16:3-77
25-->src/main/AndroidManifest.xml:16:20-75
26    <uses-permission android:name="android.permission.RECORD_AUDIO" />
26-->src/main/AndroidManifest.xml:17:3-68
26-->src/main/AndroidManifest.xml:17:20-66
27    <uses-permission android:name="android.permission.WRITE_EXTERNAL_STORAGE" />
27-->src/main/AndroidManifest.xml:18:3-78
27-->src/main/AndroidManifest.xml:18:20-76
28    <uses-permission android:name="android.permission.WRITE_SETTINGS" />
28-->src/main/AndroidManifest.xml:19:3-70
28-->src/main/AndroidManifest.xml:19:20-68
29    <uses-permission android:name="android.permission.ACCESS_NETWORK_STATE" />
29-->src/main/AndroidManifest.xml:20:3-76
29-->src/main/AndroidManifest.xml:20:20-74
30    <uses-permission android:name="android.permission.WAKE_LOCK" />
30-->src/main/AndroidManifest.xml:21:3-65
30-->src/main/AndroidManifest.xml:21:20-63
31    <uses-permission android:name="com.google.android.c2dm.permission.RECEIVE" />
31-->src/main/AndroidManifest.xml:22:3-79
31-->src/main/AndroidManifest.xml:22:20-77
32    <uses-permission android:name="android.permission.STORAGE" />
32-->[:expo-file-system] AndroidManifest.xml:15:5-66
32-->[:expo-file-system] AndroidManifest.xml:15:22-63
33    <uses-permission android:name="android.permission.FOREGROUND_SERVICE" />
33-->[:expo-location] AndroidManifest.xml:13:5-77
33-->[:expo-location] AndroidManifest.xml:13:22-74
34    <uses-permission android:name="com.google.android.finsky.permission.BIND_GET_INSTALL_REFERRER_SERVICE" />
34-->[com.google.android.gms:play-services-measurement:17.2.1] AndroidManifest.xml:26:5-110
34-->[com.google.android.gms:play-services-measurement:17.2.1] AndroidManifest.xml:26:22-107
35    <uses-permission android:name="com.google.android.providers.gsf.permission.READ_GSERVICES" />
35-->[io.nlopez.smartlocation:library:3.2.11] AndroidManifest.xml:15:5-98
35-->[io.nlopez.smartlocation:library:3.2.11] AndroidManifest.xml:15:22-95
36    <uses-permission android:name="com.google.android.gms.permission.ACTIVITY_RECOGNITION" />
36-->[io.nlopez.smartlocation:library:3.2.11] AndroidManifest.xml:16:5-94
36-->[io.nlopez.smartlocation:library:3.2.11] AndroidManifest.xml:16:22-91
37
38    <application
38-->src/main/AndroidManifest.xml:23:3-33:17
39        android:name="com.enablingpeople.sonihealthcare.MainApplication"
39-->src/main/AndroidManifest.xml:23:16-47
40        android:allowBackup="false"
40-->src/main/AndroidManifest.xml:23:162-189
41        android:appComponentFactory="androidx.core.app.CoreComponentFactory"
41-->[androidx.core:core:1.1.0] AndroidManifest.xml:24:18-86
42        android:icon="@mipmap/ic_launcher"
42-->src/main/AndroidManifest.xml:23:81-115
43        android:label="@string/app_name"
43-->src/main/AndroidManifest.xml:23:48-80
44        android:roundIcon="@mipmap/ic_launcher_round"
44-->src/main/AndroidManifest.xml:23:116-161
45        android:theme="@style/AppTheme" >
45-->src/main/AndroidManifest.xml:23:190-221
46        <meta-data
46-->src/main/AndroidManifest.xml:24:5-103
47            android:name="expo.modules.updates.EXPO_UPDATE_URL"
47-->src/main/AndroidManifest.xml:24:16-67
48            android:value="YOUR-APP-URL-HERE" />
48-->src/main/AndroidManifest.xml:24:68-101
49        <meta-data
49-->src/main/AndroidManifest.xml:25:5-112
50            android:name="expo.modules.updates.EXPO_SDK_VERSION"
50-->src/main/AndroidManifest.xml:25:16-68
51            android:value="YOUR-APP-SDK-VERSION-HERE" />
51-->src/main/AndroidManifest.xml:25:69-110
52
53        <activity
53-->src/main/AndroidManifest.xml:26:5-31:16
54            android:name="com.enablingpeople.sonihealthcare.MainActivity"
54-->src/main/AndroidManifest.xml:26:15-43
55            android:configChanges="keyboard|keyboardHidden|orientation|screenSize"
55-->src/main/AndroidManifest.xml:26:77-147
56            android:label="@string/app_name"
56-->src/main/AndroidManifest.xml:26:44-76
57            android:launchMode="singleTask"
57-->src/main/AndroidManifest.xml:26:148-179
58            android:screenOrientation="portrait"
58-->src/main/AndroidManifest.xml:26:269-305
59            android:theme="@style/Theme.App.SplashScreen"
59-->src/main/AndroidManifest.xml:26:223-268
60            android:windowSoftInputMode="adjustResize" >
60-->src/main/AndroidManifest.xml:26:180-222
61            <intent-filter>
61-->src/main/AndroidManifest.xml:27:7-30:23
62                <action android:name="android.intent.action.MAIN" />
62-->src/main/AndroidManifest.xml:28:9-60
62-->src/main/AndroidManifest.xml:28:17-58
63
64                <category android:name="android.intent.category.LAUNCHER" />
64-->src/main/AndroidManifest.xml:29:9-68
64-->src/main/AndroidManifest.xml:29:19-66
65            </intent-filter>
66        </activity>
67        <activity android:name="com.facebook.react.devsupport.DevSettingsActivity" />
67-->src/main/AndroidManifest.xml:32:5-81
67-->src/main/AndroidManifest.xml:32:15-79
68
69        <provider
69-->[:react-native-webview] AndroidManifest.xml:12:9-20:20
70            android:name="com.reactnativecommunity.webview.RNCWebViewFileProvider"
70-->[:react-native-webview] AndroidManifest.xml:13:13-83
71            android:authorities="com.enablingpeople.sonihealthcare.fileprovider"
71-->[:react-native-webview] AndroidManifest.xml:14:13-64
72            android:exported="false"
72-->[:react-native-webview] AndroidManifest.xml:15:13-37
73            android:grantUriPermissions="true" >
73-->[:react-native-webview] AndroidManifest.xml:16:13-47
74            <meta-data
74-->[:react-native-webview] AndroidManifest.xml:17:13-19:63
75                android:name="android.support.FILE_PROVIDER_PATHS"
75-->[:react-native-webview] AndroidManifest.xml:18:17-67
76                android:resource="@xml/file_provider_paths" />
76-->[:react-native-webview] AndroidManifest.xml:19:17-60
77        </provider>
78        <provider
78-->[:expo-file-system] AndroidManifest.xml:18:9-27:20
79            android:name="expo.modules.filesystem.FileSystemFileProvider"
79-->[:expo-file-system] AndroidManifest.xml:19:13-74
80            android:authorities="com.enablingpeople.sonihealthcare.FileSystemFileProvider"
80-->[:expo-file-system] AndroidManifest.xml:20:13-74
81            android:exported="false"
81-->[:expo-file-system] AndroidManifest.xml:21:13-37
82            android:grantUriPermissions="true" >
82-->[:expo-file-system] AndroidManifest.xml:22:13-47
83            <meta-data
83-->[:react-native-webview] AndroidManifest.xml:17:13-19:63
84                android:name="android.support.FILE_PROVIDER_PATHS"
84-->[:react-native-webview] AndroidManifest.xml:18:17-67
85                android:resource="@xml/file_system_provider_paths" />
85-->[:react-native-webview] AndroidManifest.xml:19:17-60
86        </provider>
87
88        <service
88-->[:expo-location] AndroidManifest.xml:16:9-18:40
89            android:name="expo.modules.location.services.LocationTaskService"
89-->[:expo-location] AndroidManifest.xml:17:13-78
90            android:exported="false" />
90-->[:expo-location] AndroidManifest.xml:18:13-37
91        <service
91-->[com.google.firebase:firebase-database:19.2.0] AndroidManifest.xml:29:9-35:19
92            android:name="com.google.firebase.components.ComponentDiscoveryService"
92-->[com.google.firebase:firebase-database:19.2.0] AndroidManifest.xml:30:13-84
93            android:directBootAware="true"
93-->[com.google.firebase:firebase-common:19.2.0] AndroidManifest.xml:15:13-43
94            android:exported="false" >
94-->[com.google.firebase:firebase-database:19.2.0] AndroidManifest.xml:31:13-37
95            <meta-data
95-->[com.google.firebase:firebase-database:19.2.0] AndroidManifest.xml:32:13-34:85
96                android:name="com.google.firebase.components:com.google.firebase.database.DatabaseRegistrar"
96-->[com.google.firebase:firebase-database:19.2.0] AndroidManifest.xml:33:17-109
97                android:value="com.google.firebase.components.ComponentRegistrar" />
97-->[com.google.firebase:firebase-database:19.2.0] AndroidManifest.xml:34:17-82
98            <meta-data
98-->[com.google.android.gms:play-services-measurement-api:17.2.1] AndroidManifest.xml:30:13-32:85
99                android:name="com.google.firebase.components:com.google.firebase.analytics.connector.internal.AnalyticsConnectorRegistrar"
99-->[com.google.android.gms:play-services-measurement-api:17.2.1] AndroidManifest.xml:31:17-139
100                android:value="com.google.firebase.components.ComponentRegistrar" />
100-->[com.google.android.gms:play-services-measurement-api:17.2.1] AndroidManifest.xml:32:17-82
101            <meta-data
101-->[com.google.firebase:firebase-iid:19.0.0] AndroidManifest.xml:32:13-34:85
102                android:name="com.google.firebase.components:com.google.firebase.iid.Registrar"
102-->[com.google.firebase:firebase-iid:19.0.0] AndroidManifest.xml:33:17-96
103                android:value="com.google.firebase.components.ComponentRegistrar" />
103-->[com.google.firebase:firebase-iid:19.0.0] AndroidManifest.xml:34:17-82
104        </service>
105
106        <receiver
106-->[com.google.firebase:firebase-iid:19.0.0] AndroidManifest.xml:37:9-44:20
107            android:name="com.google.firebase.iid.FirebaseInstanceIdReceiver"
107-->[com.google.firebase:firebase-iid:19.0.0] AndroidManifest.xml:38:13-78
108            android:exported="true"
108-->[com.google.firebase:firebase-iid:19.0.0] AndroidManifest.xml:39:13-36
109            android:permission="com.google.android.c2dm.permission.SEND" >
109-->[com.google.firebase:firebase-iid:19.0.0] AndroidManifest.xml:40:13-73
110            <intent-filter>
110-->[com.google.firebase:firebase-iid:19.0.0] AndroidManifest.xml:41:13-43:29
111                <action android:name="com.google.android.c2dm.intent.RECEIVE" />
111-->[com.google.firebase:firebase-iid:19.0.0] AndroidManifest.xml:42:17-81
111-->[com.google.firebase:firebase-iid:19.0.0] AndroidManifest.xml:42:25-78
112            </intent-filter>
113        </receiver>
114
115        <activity
115-->[com.google.android.gms:play-services-base:17.0.0] AndroidManifest.xml:23:9-26:75
116            android:name="com.google.android.gms.common.api.GoogleApiActivity"
116-->[com.google.android.gms:play-services-base:17.0.0] AndroidManifest.xml:24:13-79
117            android:exported="false"
117-->[com.google.android.gms:play-services-base:17.0.0] AndroidManifest.xml:25:13-37
118            android:theme="@android:style/Theme.Translucent.NoTitleBar" />
118-->[com.google.android.gms:play-services-base:17.0.0] AndroidManifest.xml:26:13-72
119
120        <provider
120-->[com.google.firebase:firebase-common:19.2.0] AndroidManifest.xml:19:9-23:39
121            android:name="com.google.firebase.provider.FirebaseInitProvider"
121-->[com.google.firebase:firebase-common:19.2.0] AndroidManifest.xml:20:13-77
122            android:authorities="com.enablingpeople.sonihealthcare.firebaseinitprovider"
122-->[com.google.firebase:firebase-common:19.2.0] AndroidManifest.xml:21:13-72
123            android:exported="false"
123-->[com.google.firebase:firebase-common:19.2.0] AndroidManifest.xml:22:13-37
124            android:initOrder="100" />
124-->[com.google.firebase:firebase-common:19.2.0] AndroidManifest.xml:23:13-36
125
126        <receiver
126-->[com.google.android.gms:play-services-measurement:17.2.1] AndroidManifest.xml:29:9-33:20
127            android:name="com.google.android.gms.measurement.AppMeasurementReceiver"
127-->[com.google.android.gms:play-services-measurement:17.2.1] AndroidManifest.xml:30:13-85
128            android:enabled="true"
128-->[com.google.android.gms:play-services-measurement:17.2.1] AndroidManifest.xml:31:13-35
129            android:exported="false" >
129-->[com.google.android.gms:play-services-measurement:17.2.1] AndroidManifest.xml:32:13-37
130        </receiver>
131        <receiver
131-->[com.google.android.gms:play-services-measurement:17.2.1] AndroidManifest.xml:34:9-42:20
132            android:name="com.google.android.gms.measurement.AppMeasurementInstallReferrerReceiver"
132-->[com.google.android.gms:play-services-measurement:17.2.1] AndroidManifest.xml:35:13-100
133            android:enabled="true"
133-->[com.google.android.gms:play-services-measurement:17.2.1] AndroidManifest.xml:36:13-35
134            android:exported="true"
134-->[com.google.android.gms:play-services-measurement:17.2.1] AndroidManifest.xml:37:13-36
135            android:permission="android.permission.INSTALL_PACKAGES" >
135-->[com.google.android.gms:play-services-measurement:17.2.1] AndroidManifest.xml:38:13-69
136            <intent-filter>
136-->[com.google.android.gms:play-services-measurement:17.2.1] AndroidManifest.xml:39:13-41:29
137                <action android:name="com.android.vending.INSTALL_REFERRER" />
137-->[com.google.android.gms:play-services-measurement:17.2.1] AndroidManifest.xml:40:17-79
137-->[com.google.android.gms:play-services-measurement:17.2.1] AndroidManifest.xml:40:25-76
138            </intent-filter>
139        </receiver>
140
141        <service
141-->[com.google.android.gms:play-services-measurement:17.2.1] AndroidManifest.xml:44:9-47:40
142            android:name="com.google.android.gms.measurement.AppMeasurementService"
142-->[com.google.android.gms:play-services-measurement:17.2.1] AndroidManifest.xml:45:13-84
143            android:enabled="true"
143-->[com.google.android.gms:play-services-measurement:17.2.1] AndroidManifest.xml:46:13-35
144            android:exported="false" />
144-->[com.google.android.gms:play-services-measurement:17.2.1] AndroidManifest.xml:47:13-37
145        <service
145-->[com.google.android.gms:play-services-measurement:17.2.1] AndroidManifest.xml:48:9-52:72
146            android:name="com.google.android.gms.measurement.AppMeasurementJobService"
146-->[com.google.android.gms:play-services-measurement:17.2.1] AndroidManifest.xml:49:13-87
147            android:enabled="true"
147-->[com.google.android.gms:play-services-measurement:17.2.1] AndroidManifest.xml:50:13-35
148            android:exported="false"
148-->[com.google.android.gms:play-services-measurement:17.2.1] AndroidManifest.xml:51:13-37
149            android:permission="android.permission.BIND_JOB_SERVICE" />
149-->[com.google.android.gms:play-services-measurement:17.2.1] AndroidManifest.xml:52:13-69
150
151        <meta-data
151-->[com.google.android.gms:play-services-basement:17.0.0] AndroidManifest.xml:23:9-25:69
152            android:name="com.google.android.gms.version"
152-->[com.google.android.gms:play-services-basement:17.0.0] AndroidManifest.xml:24:13-58
153            android:value="@integer/google_play_services_version" />
153-->[com.google.android.gms:play-services-basement:17.0.0] AndroidManifest.xml:25:13-66
154
155        <service
155-->[androidx.room:room-runtime:2.1.0] AndroidManifest.xml:25:9-27:40
156            android:name="androidx.room.MultiInstanceInvalidationService"
156-->[androidx.room:room-runtime:2.1.0] AndroidManifest.xml:26:13-74
157            android:exported="false" />
157-->[androidx.room:room-runtime:2.1.0] AndroidManifest.xml:27:13-37
158        <service
158-->[io.nlopez.smartlocation:library:3.2.11] AndroidManifest.xml:19:9-21:40
159            android:name="io.nlopez.smartlocation.activity.providers.ActivityGooglePlayServicesProvider$ActivityRecognitionService"
159-->[io.nlopez.smartlocation:library:3.2.11] AndroidManifest.xml:20:13-132
160            android:exported="false" />
160-->[io.nlopez.smartlocation:library:3.2.11] AndroidManifest.xml:21:13-37
161        <service
161-->[io.nlopez.smartlocation:library:3.2.11] AndroidManifest.xml:22:9-24:40
162            android:name="io.nlopez.smartlocation.geofencing.providers.GeofencingGooglePlayServicesProvider$GeofencingService"
162-->[io.nlopez.smartlocation:library:3.2.11] AndroidManifest.xml:23:13-127
163            android:exported="false" />
163-->[io.nlopez.smartlocation:library:3.2.11] AndroidManifest.xml:24:13-37
164        <service
164-->[io.nlopez.smartlocation:library:3.2.11] AndroidManifest.xml:25:9-27:40
165            android:name="io.nlopez.smartlocation.geocoding.providers.AndroidGeocodingProvider$AndroidGeocodingService"
165-->[io.nlopez.smartlocation:library:3.2.11] AndroidManifest.xml:26:13-120
166            android:exported="false" />
166-->[io.nlopez.smartlocation:library:3.2.11] AndroidManifest.xml:27:13-37
167    </application>
168
169</manifest>